Using pre-set license
Built from '2020.3/staging' branch; Version is '2020.3.11f1 (99c7afb366b3) revision 10078127'; Using compiler version '192528614'; Build Type 'Release'
OS: 'Windows 10 Home; OS build 19043.1645; Version 2009; 64bit' Language: 'en' Physical Memory: 16336 MB
BatchMode: 1, IsHumanControllingUs: 0, StartBugReporterOnCrash: 0, Is64bit: 1, IsPro: 0

 COMMAND LINE ARGUMENTS:
C:\Program Files\Unity\Hub\Editor\2020.3.11f1\Editor\Unity.exe
-adb2
-batchMode
-noUpm
-name
AssetImportWorker0
-projectPath
D:/Documents/App Projects/Hackathons/AiRCraft
-logFile
Logs/AssetImportWorker0.log
-srvPort
52494
Successfully changed project path to: D:/Documents/App Projects/Hackathons/AiRCraft
D:/Documents/App Projects/Hackathons/AiRCraft
Using Asset Import Pipeline V2.
Refreshing native plugins compatible for Editor in 45.87 ms, found 2 plugins.
Preloading 0 native plugins for Editor in 0.00 ms.
Initialize engine version: 2020.3.11f1 (99c7afb366b3)
[Subsystems] Discovering subsystems at path C:/Program Files/Unity/Hub/Editor/2020.3.11f1/Editor/Data/Resources/UnitySubsystems
[Subsystems] Discovering subsystems at path D:/Documents/App Projects/Hackathons/AiRCraft/Assets
GfxDevice: creating device client; threaded=0
Direct3D:
    Version:  Direct3D 11.0 [level 11.1]
    Renderer: NVIDIA GeForce GTX 1060 6GB (ID=0x1c03)
    Vendor:   
    VRAM:     6052 MB
    Driver:   27.21.14.5671
Initialize mono
Mono path[0] = 'C:/Program Files/Unity/Hub/Editor/2020.3.11f1/Editor/Data/Managed'
Mono path[1] = 'C:/Program Files/Unity/Hub/Editor/2020.3.11f1/Editor/Data/MonoBleedingEdge/lib/mono/unityjit'
Mono config path = 'C:/Program Files/Unity/Hub/Editor/2020.3.11f1/Editor/Data/MonoBleedingEdge/etc'
Using monoOptions --debugger-agent=transport=dt_socket,embedding=1,server=y,suspend=n,address=127.0.0.1:56760
Begin MonoManager ReloadAssembly
Registering precompiled unity dll's ...
Register platform support module: C:/Program Files/Unity/Hub/Editor/2020.3.11f1/Editor/Data/PlaybackEngines/MacStandaloneSupport/UnityEditor.OSXStandalone.Extensions.dll
Register platform support module: C:/Program Files/Unity/Hub/Editor/2020.3.11f1/Editor/Data/PlaybackEngines/WindowsStandaloneSupport/UnityEditor.WindowsStandalone.Extensions.dll
Registered in 0.004161 seconds.
Native extension for WindowsStandalone target not found
Native extension for OSXStandalone target not found
Refreshing native plugins compatible for Editor in 43.54 ms, found 2 plugins.
Preloading 0 native plugins for Editor in 0.00 ms.
Mono: successfully reloaded assembly
- Completed reload, in  2.834 seconds
Platform modules already initialized, skipping
Registering precompiled user dll's ...
Registered in 0.006224 seconds.
Begin MonoManager ReloadAssembly
Native extension for WindowsStandalone target not found
Native extension for OSXStandalone target not found
Refreshing native plugins compatible for Editor in 0.78 ms, found 2 plugins.
Preloading 0 native plugins for Editor in 0.00 ms.
Mono: successfully reloaded assembly
- Completed reload, in  1.380 seconds
Platform modules already initialized, skipping
========================================================================
Worker process is ready to serve import requests
Launched and connected shader compiler UnityShaderCompiler.exe after 0.06 seconds
Refreshing native plugins compatible for Editor in 0.54 ms, found 2 plugins.
Preloading 0 native plugins for Editor in 0.00 ms.
Unloading 1823 Unused Serialized files (Serialized files now loaded: 0)
System memory in use before: 78.9 MB.
System memory in use after: 78.9 MB.

Unloading 28 unused Assets to reduce memory usage. Loaded Objects now: 2257.
Total: 2.922100 ms (FindLiveObjects: 0.279000 ms CreateObjectMapping: 0.051400 ms MarkObjects: 2.484600 ms  DeleteObjects: 0.105600 ms)

========================================================================
Received Import Request.
  path: Assets/Textures/desktop_sandcastles.png
  artifactKey: Guid(a8668d2e7cadaf249a1c436d50ffe891) Importer(815301076,1909f56bfc062723c751e8b465ee728b)
Start importing Assets/Textures/desktop_sandcastles.png using Guid(a8668d2e7cadaf249a1c436d50ffe891) Importer(815301076,1909f56bfc062723c751e8b465ee728b)  -> (artifact id: 'a89940c5aec0aea73577fc238e58bd5f') in 0.271429 seconds
  Import took 0.275517 seconds .

========================================================================
Received Import Request.
  Time since last request: 0.201113 seconds.
  path: Assets/Textures/Sand 1/Sand_007_ambientOcclusion.jpg
  artifactKey: Guid(9b99d4dc9d12db84e9e7177418bc0757) Importer(815301076,1909f56bfc062723c751e8b465ee728b)
Start importing Assets/Textures/Sand 1/Sand_007_ambientOcclusion.jpg using Guid(9b99d4dc9d12db84e9e7177418bc0757) Importer(815301076,1909f56bfc062723c751e8b465ee728b)  -> (artifact id: 'f279da7e1ed7d0c8989ca86427a3a8d1') in 0.043178 seconds
  Import took 0.046775 seconds .

========================================================================
Received Import Request.
  Time since last request: 0.000306 seconds.
  path: Assets/Textures/Sand 1/Sand_007_normal.jpg
  artifactKey: Guid(6fe9b6f3cf0fa6b45ab2f9d3409cd165) Importer(815301076,1909f56bfc062723c751e8b465ee728b)
Start importing Assets/Textures/Sand 1/Sand_007_normal.jpg using Guid(6fe9b6f3cf0fa6b45ab2f9d3409cd165) Importer(815301076,1909f56bfc062723c751e8b465ee728b)  -> (artifact id: '9b00e113ef37fb8c32e3d0db530d9117') in 0.027209 seconds
  Import took 0.030226 seconds .

========================================================================
Received Import Request.
  Time since last request: 0.000330 seconds.
  path: Assets/Textures/Sand 1/Sand_007_basecolor.jpg
  artifactKey: Guid(328fdbfa1053d5c4c85057189135c68e) Importer(815301076,1909f56bfc062723c751e8b465ee728b)
Start importing Assets/Textures/Sand 1/Sand_007_basecolor.jpg using Guid(328fdbfa1053d5c4c85057189135c68e) Importer(815301076,1909f56bfc062723c751e8b465ee728b)  -> (artifact id: 'd41e7672327f50c9bb845b2968f45d58') in 0.026649 seconds
  Import took 0.029978 seconds .

========================================================================
Received Import Request.
  Time since last request: 0.000326 seconds.
  path: Assets/Textures/Sand 1/Sand_007_ambientOcclusion.jpg
  artifactKey: Guid(9b99d4dc9d12db84e9e7177418bc0757) Importer(815301076,1909f56bfc062723c751e8b465ee728b)
Start importing Assets/Textures/Sand 1/Sand_007_ambientOcclusion.jpg using Guid(9b99d4dc9d12db84e9e7177418bc0757) Importer(815301076,1909f56bfc062723c751e8b465ee728b)  -> (artifact id: 'f279da7e1ed7d0c8989ca86427a3a8d1') in 0.023264 seconds
  Import took 0.026640 seconds .

========================================================================
Received Import Request.
  Time since last request: 0.000235 seconds.
  path: Assets/Textures/Sand 1/Sand_007_height.png
  artifactKey: Guid(170842ffbc5299e42bb84edcf5467512) Importer(815301076,1909f56bfc062723c751e8b465ee728b)
Start importing Assets/Textures/Sand 1/Sand_007_height.png using Guid(170842ffbc5299e42bb84edcf5467512) Importer(815301076,1909f56bfc062723c751e8b465ee728b)  -> (artifact id: '763ef35a62236417258931606aeef828') in 0.026213 seconds
  Import took 0.029299 seconds .

========================================================================
Received Import Request.
  Time since last request: 0.000259 seconds.
  path: Assets/Textures/Sand 1/Sand_007_roughness.jpg
  artifactKey: Guid(271bdb525ecb2ab42a71f905fc8ed6d6) Importer(815301076,1909f56bfc062723c751e8b465ee728b)
Start importing Assets/Textures/Sand 1/Sand_007_roughness.jpg using Guid(271bdb525ecb2ab42a71f905fc8ed6d6) Importer(815301076,1909f56bfc062723c751e8b465ee728b)  -> (artifact id: 'a8ee488d22fae4a7a1bae49b947b292d') in 0.023395 seconds
  Import took 0.026485 seconds .

