Using pre-set license

 COMMAND LINE ARGUMENTS:
/Applications/Unity/Hub/Editor/2020.3.11f1/Unity.app/Contents/MacOS/Unity
-adb2
-batchMode
-noUpm
-name
AssetImportWorker0
-projectPath
/Users/qg/Documents/GitHub/AiRCraft
-logFile
Logs/AssetImportWorker0.log
-srvPort
56776
Successfully changed project path to: /Users/qg/Documents/GitHub/AiRCraft
/Users/qg/Documents/GitHub/AiRCraft
Using Asset Import Pipeline V2.
Refreshing native plugins compatible for Editor in 28.62 ms, found 2 plugins.
Preloading 0 native plugins for Editor in 0.00 ms.
Initialize engine version: 2020.3.11f1 (99c7afb366b3)
[Subsystems] Discovering subsystems at path /Applications/Unity/Hub/Editor/2020.3.11f1/Unity.app/Contents/Resources/UnitySubsystems
[Subsystems] Discovering subsystems at path /Users/qg/Documents/GitHub/AiRCraft/Assets
GfxDevice: creating device client; threaded=0
2022-05-06 15:42:21.301 Unity[90006:18042877] (null) preferred device: Apple M1 Pro (high power)
2022-05-06 15:42:21.301 Unity[90006:18042877] Metal devices available: 1
2022-05-06 15:42:21.301 Unity[90006:18042877] 0: Apple M1 Pro (high power)
2022-05-06 15:42:21.302 Unity[90006:18042877] Using device Apple M1 Pro (high power)
Initializing Metal device caps: Apple M1 Pro
Initialize mono
Mono path[0] = '/Applications/Unity/Hub/Editor/2020.3.11f1/Unity.app/Contents/Managed'
Mono path[1] = '/Applications/Unity/Hub/Editor/2020.3.11f1/Unity.app/Contents/MonoBleedingEdge/lib/mono/unityjit'
Mono config path = '/Applications/Unity/Hub/Editor/2020.3.11f1/Unity.app/Contents/MonoBleedingEdge/etc'
Using monoOptions --debugger-agent=transport=dt_socket,embedding=1,server=y,suspend=n,address=127.0.0.1:56006
Begin MonoManager ReloadAssembly
Registering precompiled unity dll's ...
Register platform support module: /Applications/Unity/Hub/Editor/2020.3.11f1/Unity.app/Contents/PlaybackEngines/MacStandaloneSupport/UnityEditor.OSXStandalone.Extensions.dll
Registered in 0.000493 seconds.
Native extension for OSXStandalone target not found
Refreshing native plugins compatible for Editor in 29.22 ms, found 2 plugins.
Preloading 0 native plugins for Editor in 0.00 ms.
Mono: successfully reloaded assembly
- Completed reload, in  1.698 seconds
Platform modules already initialized, skipping
Registering precompiled user dll's ...
Registered in 0.001159 seconds.
Begin MonoManager ReloadAssembly
Native extension for OSXStandalone target not found
Refreshing native plugins compatible for Editor in 0.36 ms, found 2 plugins.
Preloading 0 native plugins for Editor in 0.00 ms.
Mono: successfully reloaded assembly
- Completed reload, in  2.131 seconds
Platform modules already initialized, skipping
========================================================================
Worker process is ready to serve import requests
Launching external process: /Applications/Unity/Hub/Editor/2020.3.11f1/Unity.app/Contents/Tools/UnityShaderCompiler
Launched and connected shader compiler UnityShaderCompiler after 0.02 seconds
Refreshing native plugins compatible for Editor in 0.36 ms, found 2 plugins.
Preloading 0 native plugins for Editor in 0.00 ms.
Unloading 1735 Unused Serialized files (Serialized files now loaded: 0)
System memory in use before: 146.5 MB.
System memory in use after: 146.6 MB.

Unloading 20 unused Assets to reduce memory usage. Loaded Objects now: 2169.
Total: 1.504041 ms (FindLiveObjects: 0.124375 ms CreateObjectMapping: 0.032292 ms MarkObjects: 1.277250 ms  DeleteObjects: 0.069459 ms)

========================================================================
Received Import Request.
  path: Assets/Prefabs/iamsofa.prefab
  artifactKey: Guid(546b5bac3ab9a13469a8e12d6b9ddec0) Importer(815301076,1909f56bfc062723c751e8b465ee728b)
Start importing Assets/Prefabs/iamsofa.prefab using Guid(546b5bac3ab9a13469a8e12d6b9ddec0) Importer(815301076,1909f56bfc062723c751e8b465ee728b)  -> (artifact id: 'df9fdd8251d817046f175c354b17ec09') in 0.603379 seconds
  Import took 0.605672 seconds .

========================================================================
Received Import Request.
  Time since last request: 0.000233 seconds.
  path: Assets/Prefabs/wood.prefab
  artifactKey: Guid(7e610a6daef3b469ea2f0ab9e2bc57f8) Importer(815301076,1909f56bfc062723c751e8b465ee728b)
Start importing Assets/Prefabs/wood.prefab using Guid(7e610a6daef3b469ea2f0ab9e2bc57f8) Importer(815301076,1909f56bfc062723c751e8b465ee728b)  -> (artifact id: 'e3d3ceca62b7c63219d3e4643ab41735') in 0.018511 seconds
  Import took 0.020526 seconds .

========================================================================
Received Import Request.
  Time since last request: 0.000191 seconds.
  path: Assets/Prefabs/snow.prefab
  artifactKey: Guid(4d3881b72fb254e0baf50b825016a7bc) Importer(815301076,1909f56bfc062723c751e8b465ee728b)
Start importing Assets/Prefabs/snow.prefab using Guid(4d3881b72fb254e0baf50b825016a7bc) Importer(815301076,1909f56bfc062723c751e8b465ee728b)  -> (artifact id: 'babcad9cecec210fff302f0432d37efc') in 0.005882 seconds
  Import took 0.007795 seconds .

